2021-01-05 22:40:52 [scrapy.utils.log] INFO: Scrapy 2.4.1 started (bot: ThirtyScraper)
2021-01-05 22:40:52 [scrapy.utils.log] INFO: Versions: lxml 4.5.2.0, libxml2 2.9.10, cssselect 1.1.0, parsel 1.6.0, w3lib 1.22.0, Twisted 18.9.0, Python 3.8.2 (default, Jul 16 2020, 14:00:26) - [GCC 9.3.0], pyOpenSSL 19.0.0 (OpenSSL 1.1.1f  31 Mar 2020), cryptography 2.8, Platform Linux-4.4.0-18362-Microsoft-x86_64-with-glibc2.29
2021-01-05 22:40:52 [scrapy.crawler] INFO: Overridden settings:
{'BOT_NAME': 'ThirtyScraper',
 'CONCURRENT_REQUESTS': 20,
 'CONCURRENT_REQUESTS_PER_DOMAIN': 200,
 'DOWNLOAD_DELAY': 0.5,
 'DOWNLOAD_TIMEOUT': 100,
 'LOG_FILE': 'logs/default/tasks/59cce18c4fd911ebb02b00ffef0d276d.log',
 'LOG_LEVEL': 'INFO',
 'NEWSPIDER_MODULE': 'ThirtyScraper.spiders',
 'SPIDER_MODULES': ['ThirtyScraper.spiders']}
2021-01-05 22:40:52 [scrapy.extensions.telnet] INFO: Telnet Password: dae2215c2fe4bda5
2021-01-05 22:40:52 [scrapy.middleware] INFO: Enabled extensions:
['scrapy.extensions.corestats.CoreStats',
 'scrapy.extensions.telnet.TelnetConsole',
 'scrapy.extensions.memusage.MemoryUsage',
 'scrapy.extensions.logstats.LogStats']
2021-01-05 22:40:52 [scrapy.middleware] INFO: Enabled downloader middlewares:
['scrapy.downloadermiddlewares.httpauth.HttpAuthMiddleware',
 'scrapy.downloadermiddlewares.downloadtimeout.DownloadTimeoutMiddleware',
 'scrapy.downloadermiddlewares.defaultheaders.DefaultHeadersMiddleware',
 'scrapy.downloadermiddlewares.useragent.UserAgentMiddleware',
 'scrapy.downloadermiddlewares.retry.RetryMiddleware',
 'scrapy.downloadermiddlewares.redirect.MetaRefreshMiddleware',
 'scrapy.downloadermiddlewares.httpcompression.HttpCompressionMiddleware',
 'scrapy.downloadermiddlewares.redirect.RedirectMiddleware',
 'scrapy.downloadermiddlewares.cookies.CookiesMiddleware',
 'scrapy.downloadermiddlewares.httpproxy.HttpProxyMiddleware',
 'scrapy.downloadermiddlewares.stats.DownloaderStats']
2021-01-05 22:40:52 [scrapy.middleware] INFO: Enabled spider middlewares:
['scrapy.spidermiddlewares.httperror.HttpErrorMiddleware',
 'scrapy.spidermiddlewares.offsite.OffsiteMiddleware',
 'scrapy.spidermiddlewares.referer.RefererMiddleware',
 'scrapy.spidermiddlewares.urllength.UrlLengthMiddleware',
 'scrapy.spidermiddlewares.depth.DepthMiddleware']
2021-01-05 22:40:52 [scrapy.middleware] INFO: Enabled item pipelines:
[]
2021-01-05 22:40:52 [scrapy.core.engine] INFO: Spider opened
2021-01-05 22:40:52 [scrapy.extensions.logstats] INFO: Crawled 0 pages (at 0 pages/min), scraped 0 items (at 0 items/min)
2021-01-05 22:40:52 [scrapy.extensions.telnet] INFO: Telnet console listening on 127.0.0.1:6023
2021-01-05 22:41:31 [scrapy.core.engine] INFO: Closing spider (finished)
2021-01-05 22:41:31 [scrapy.statscollectors] INFO: Dumping Scrapy stats:
{'downloader/request_bytes': 366,
 'downloader/request_count': 1,
 'downloader/request_method_count/GET': 1,
 'downloader/response_bytes': 17431,
 'downloader/response_count': 1,
 'downloader/response_status_count/200': 1,
 'elapsed_time_seconds': 38.980274,
 'finish_reason': 'finished',
 'finish_time': datetime.datetime(2021, 1, 6, 4, 41, 31, 463419),
 'item_scraped_count': 10,
 'log_count/INFO': 10,
 'memusage/max': 49160192,
 'memusage/startup': 49160192,
 'response_received_count': 1,
 'scheduler/dequeued': 1,
 'scheduler/dequeued/memory': 1,
 'scheduler/enqueued': 1,
 'scheduler/enqueued/memory': 1,
 'start_time': datetime.datetime(2021, 1, 6, 4, 40, 52, 483145)}
2021-01-05 22:41:31 [scrapy.core.engine] INFO: Spider closed (finished)
